{"C:\\Users\\eduar\\Documents\\programacio\\voleyapp\\beach-volley-app\\src\\features\\admin\\services\\adminUsers.service.ts": {"path":"C:\\Users\\eduar\\Documents\\programacio\\voleyapp\\beach-volley-app\\src\\features\\admin\\services\\adminUsers.service.ts","statementMap":{"0":{"start":{"line":4,"column":26},"end":{"line":7,"column":46}},"1":{"start":{"line":9,"column":2},"end":{"line":9,"column":null}},"2":{"start":{"line":9,"column":13},"end":{"line":9,"column":null}},"3":{"start":{"line":11,"column":2},"end":{"line":11,"column":null}},"4":{"start":{"line":15,"column":20},"end":{"line":15,"column":76}},"5":{"start":{"line":17,"column":2},"end":{"line":17,"column":null}},"6":{"start":{"line":17,"column":13},"end":{"line":17,"column":null}}},"fnMap":{"0":{"name":"getAllUsers","decl":{"start":{"line":3,"column":22},"end":{"line":3,"column":36}},"loc":{"start":{"line":3,"column":36},"end":{"line":11,"column":null}},"line":3},"1":{"name":"deleteEvent","decl":{"start":{"line":14,"column":22},"end":{"line":14,"column":34}},"loc":{"start":{"line":14,"column":66},"end":{"line":17,"column":null}},"line":14}},"branchMap":{"0":{"loc":{"start":{"line":9,"column":2},"end":{"line":9,"column":null}},"type":"if","locations":[{"start":{"line":9,"column":2},"end":{"line":9,"column":null}},{"start":{},"end":{}}],"line":9},"1":{"loc":{"start":{"line":17,"column":2},"end":{"line":17,"column":null}},"type":"if","locations":[{"start":{"line":17,"column":2},"end":{"line":17,"column":null}},{"start":{},"end":{}}],"line":17}},"s":{"0":2,"1":2,"2":1,"3":1,"4":2,"5":2,"6":1},"f":{"0":2,"1":2},"b":{"0":[1,1],"1":[1,1]},"meta":{"lastBranch":2,"lastFunction":2,"lastStatement":7,"seen":{"f:3:22:3:36":0,"s:4:26:7:46":0,"b:9:2:9:Infinity:undefined:undefined:undefined:undefined":0,"s:9:2:9:Infinity":1,"s:9:13:9:Infinity":2,"s:11:2:11:Infinity":3,"f:14:22:14:34":1,"s:15:20:15:76":4,"b:17:2:17:Infinity:undefined:undefined:undefined:undefined":1,"s:17:2:17:Infinity":5,"s:17:13:17:Infinity":6}}}
,"C:\\Users\\eduar\\Documents\\programacio\\voleyapp\\beach-volley-app\\src\\features\\auth\\services\\auth.service.ts": {"path":"C:\\Users\\eduar\\Documents\\programacio\\voleyapp\\beach-volley-app\\src\\features\\auth\\services\\auth.service.ts","statementMap":{"0":{"start":{"line":11,"column":4},"end":{"line":22,"column":null}},"1":{"start":{"line":30,"column":49},"end":{"line":33,"column":6}},"2":{"start":{"line":35,"column":4},"end":{"line":35,"column":null}},"3":{"start":{"line":35,"column":19},"end":{"line":35,"column":null}},"4":{"start":{"line":37,"column":19},"end":{"line":37,"column":null}},"5":{"start":{"line":39,"column":4},"end":{"line":40,"column":null}},"6":{"start":{"line":40,"column":8},"end":{"line":40,"column":null}},"7":{"start":{"line":43,"column":36},"end":{"line":48,"column":6}},"8":{"start":{"line":50,"column":4},"end":{"line":50,"column":null}},"9":{"start":{"line":50,"column":22},"end":{"line":50,"column":null}},"10":{"start":{"line":52,"column":4},"end":{"line":52,"column":null}},"11":{"start":{"line":56,"column":28},"end":{"line":59,"column":6}},"12":{"start":{"line":61,"column":4},"end":{"line":61,"column":null}},"13":{"start":{"line":61,"column":15},"end":{"line":61,"column":null}},"14":{"start":{"line":63,"column":4},"end":{"line":63,"column":null}},"15":{"start":{"line":67,"column":22},"end":{"line":67,"column":51}},"16":{"start":{"line":69,"column":4},"end":{"line":69,"column":null}},"17":{"start":{"line":69,"column":15},"end":{"line":69,"column":null}},"18":{"start":{"line":75,"column":8},"end":{"line":75,"column":37}},"19":{"start":{"line":77,"column":4},"end":{"line":77,"column":null}},"20":{"start":{"line":77,"column":15},"end":{"line":77,"column":null}},"21":{"start":{"line":79,"column":28},"end":{"line":83,"column":17}},"22":{"start":{"line":85,"column":4},"end":{"line":85,"column":null}},"23":{"start":{"line":85,"column":15},"end":{"line":85,"column":null}},"24":{"start":{"line":87,"column":4},"end":{"line":87,"column":null}}},"fnMap":{"0":{"name":"mapProfile","decl":{"start":{"line":10,"column":9},"end":{"line":10,"column":20}},"loc":{"start":{"line":10,"column":47},"end":{"line":22,"column":null}},"line":10},"1":{"name":"registerUser","decl":{"start":{"line":25,"column":22},"end":{"line":25,"column":35}},"loc":{"start":{"line":29,"column":17},"end":{"line":52,"column":null}},"line":29},"2":{"name":"loginUser","decl":{"start":{"line":55,"column":22},"end":{"line":55,"column":32}},"loc":{"start":{"line":55,"column":65},"end":{"line":63,"column":null}},"line":55},"3":{"name":"logoutUser","decl":{"start":{"line":66,"column":22},"end":{"line":66,"column":35}},"loc":{"start":{"line":66,"column":35},"end":{"line":69,"column":null}},"line":66},"4":{"name":"getCurrentProfile","decl":{"start":{"line":72,"column":22},"end":{"line":72,"column":71}},"loc":{"start":{"line":72,"column":71},"end":{"line":87,"column":null}},"line":72}},"branchMap":{"0":{"loc":{"start":{"line":35,"column":4},"end":{"line":35,"column":null}},"type":"if","locations":[{"start":{"line":35,"column":4},"end":{"line":35,"column":null}},{"start":{},"end":{}}],"line":35},"1":{"loc":{"start":{"line":39,"column":4},"end":{"line":40,"column":null}},"type":"if","locations":[{"start":{"line":39,"column":4},"end":{"line":40,"column":null}},{"start":{},"end":{}}],"line":39},"2":{"loc":{"start":{"line":50,"column":4},"end":{"line":50,"column":null}},"type":"if","locations":[{"start":{"line":50,"column":4},"end":{"line":50,"column":null}},{"start":{},"end":{}}],"line":50},"3":{"loc":{"start":{"line":61,"column":4},"end":{"line":61,"column":null}},"type":"if","locations":[{"start":{"line":61,"column":4},"end":{"line":61,"column":null}},{"start":{},"end":{}}],"line":61},"4":{"loc":{"start":{"line":69,"column":4},"end":{"line":69,"column":null}},"type":"if","locations":[{"start":{"line":69,"column":4},"end":{"line":69,"column":null}},{"start":{},"end":{}}],"line":69},"5":{"loc":{"start":{"line":77,"column":4},"end":{"line":77,"column":null}},"type":"if","locations":[{"start":{"line":77,"column":4},"end":{"line":77,"column":null}},{"start":{},"end":{}}],"line":77},"6":{"loc":{"start":{"line":85,"column":4},"end":{"line":85,"column":null}},"type":"if","locations":[{"start":{"line":85,"column":4},"end":{"line":85,"column":null}},{"start":{},"end":{}}],"line":85}},"s":{"0":1,"1":3,"2":3,"3":1,"4":2,"5":3,"6":1,"7":1,"8":1,"9":0,"10":1,"11":2,"12":2,"13":1,"14":1,"15":2,"16":2,"17":1,"18":2,"19":2,"20":1,"21":1,"22":1,"23":0,"24":1},"f":{"0":1,"1":3,"2":2,"3":2,"4":2},"b":{"0":[1,2],"1":[1,2],"2":[0,1],"3":[1,1],"4":[1,1],"5":[1,1],"6":[0,1]},"meta":{"lastBranch":7,"lastFunction":5,"lastStatement":25,"seen":{"f:10:9:10:20":0,"s:11:4:22:Infinity":0,"f:25:22:25:35":1,"s:30:49:33:6":1,"b:35:4:35:Infinity:undefined:undefined:undefined:undefined":0,"s:35:4:35:Infinity":2,"s:35:19:35:Infinity":3,"s:37:19:37:Infinity":4,"b:39:4:40:Infinity:undefined:undefined:undefined:undefined":1,"s:39:4:40:Infinity":5,"s:40:8:40:Infinity":6,"s:43:36:48:6":7,"b:50:4:50:Infinity:undefined:undefined:undefined:undefined":2,"s:50:4:50:Infinity":8,"s:50:22:50:Infinity":9,"s:52:4:52:Infinity":10,"f:55:22:55:32":2,"s:56:28:59:6":11,"b:61:4:61:Infinity:undefined:undefined:undefined:undefined":3,"s:61:4:61:Infinity":12,"s:61:15:61:Infinity":13,"s:63:4:63:Infinity":14,"f:66:22:66:35":3,"s:67:22:67:51":15,"b:69:4:69:Infinity:undefined:undefined:undefined:undefined":4,"s:69:4:69:Infinity":16,"s:69:15:69:Infinity":17,"f:72:22:72:71":4,"s:75:8:75:37":18,"b:77:4:77:Infinity:undefined:undefined:undefined:undefined":5,"s:77:4:77:Infinity":19,"s:77:15:77:Infinity":20,"s:79:28:83:17":21,"b:85:4:85:Infinity:undefined:undefined:undefined:undefined":6,"s:85:4:85:Infinity":22,"s:85:15:85:Infinity":23,"s:87:4:87:Infinity":24}}}
,"C:\\Users\\eduar\\Documents\\programacio\\voleyapp\\beach-volley-app\\src\\features\\events\\services\\events.service.ts": {"path":"C:\\Users\\eduar\\Documents\\programacio\\voleyapp\\beach-volley-app\\src\\features\\events\\services\\events.service.ts","statementMap":{"0":{"start":{"line":5,"column":4},"end":{"line":21,"column":null}},"1":{"start":{"line":25,"column":28},"end":{"line":28,"column":49}},"2":{"start":{"line":30,"column":4},"end":{"line":30,"column":null}},"3":{"start":{"line":30,"column":15},"end":{"line":30,"column":null}},"4":{"start":{"line":32,"column":4},"end":{"line":32,"column":null}},"5":{"start":{"line":36,"column":28},"end":{"line":40,"column":17}},"6":{"start":{"line":42,"column":4},"end":{"line":42,"column":null}},"7":{"start":{"line":42,"column":15},"end":{"line":42,"column":null}},"8":{"start":{"line":44,"column":4},"end":{"line":44,"column":null}},"9":{"start":{"line":51,"column":28},"end":{"line":68,"column":17}},"10":{"start":{"line":70,"column":4},"end":{"line":70,"column":null}},"11":{"start":{"line":70,"column":15},"end":{"line":70,"column":null}},"12":{"start":{"line":72,"column":4},"end":{"line":72,"column":null}},"13":{"start":{"line":79,"column":28},"end":{"line":96,"column":17}},"14":{"start":{"line":98,"column":4},"end":{"line":98,"column":null}},"15":{"start":{"line":98,"column":15},"end":{"line":98,"column":null}},"16":{"start":{"line":100,"column":4},"end":{"line":100,"column":null}},"17":{"start":{"line":104,"column":22},"end":{"line":104,"column":78}},"18":{"start":{"line":106,"column":4},"end":{"line":106,"column":null}},"19":{"start":{"line":106,"column":15},"end":{"line":106,"column":null}},"20":{"start":{"line":110,"column":4},"end":{"line":110,"column":null}},"21":{"start":{"line":110,"column":31},"end":{"line":110,"column":null}},"22":{"start":{"line":112,"column":28},"end":{"line":116,"column":49}},"23":{"start":{"line":118,"column":4},"end":{"line":118,"column":null}},"24":{"start":{"line":118,"column":15},"end":{"line":118,"column":null}},"25":{"start":{"line":120,"column":4},"end":{"line":120,"column":null}}},"fnMap":{"0":{"name":"mapEvent","decl":{"start":{"line":4,"column":9},"end":{"line":4,"column":18}},"loc":{"start":{"line":4,"column":35},"end":{"line":21,"column":null}},"line":4},"1":{"name":"getEvents","decl":{"start":{"line":24,"column":22},"end":{"line":24,"column":52}},"loc":{"start":{"line":24,"column":52},"end":{"line":32,"column":null}},"line":24},"2":{"name":"getEventById","decl":{"start":{"line":35,"column":22},"end":{"line":35,"column":35}},"loc":{"start":{"line":35,"column":68},"end":{"line":44,"column":null}},"line":35},"3":{"name":"createEvent","decl":{"start":{"line":47,"column":22},"end":{"line":47,"column":null}},"loc":{"start":{"line":50,"column":18},"end":{"line":72,"column":null}},"line":50},"4":{"name":"updateEvent","decl":{"start":{"line":75,"column":22},"end":{"line":75,"column":null}},"loc":{"start":{"line":78,"column":18},"end":{"line":100,"column":null}},"line":78},"5":{"name":"deleteEvent","decl":{"start":{"line":103,"column":22},"end":{"line":103,"column":34}},"loc":{"start":{"line":103,"column":66},"end":{"line":106,"column":null}},"line":103},"6":{"name":"getEventsByIds","decl":{"start":{"line":109,"column":22},"end":{"line":109,"column":37}},"loc":{"start":{"line":109,"column":75},"end":{"line":120,"column":null}},"line":109}},"branchMap":{"0":{"loc":{"start":{"line":30,"column":4},"end":{"line":30,"column":null}},"type":"if","locations":[{"start":{"line":30,"column":4},"end":{"line":30,"column":null}},{"start":{},"end":{}}],"line":30},"1":{"loc":{"start":{"line":42,"column":4},"end":{"line":42,"column":null}},"type":"if","locations":[{"start":{"line":42,"column":4},"end":{"line":42,"column":null}},{"start":{},"end":{}}],"line":42},"2":{"loc":{"start":{"line":60,"column":19},"end":{"line":60,"column":null}},"type":"binary-expr","locations":[{"start":{"line":60,"column":19},"end":{"line":60,"column":39}},{"start":{"line":60,"column":39},"end":{"line":60,"column":null}}],"line":60},"3":{"loc":{"start":{"line":62,"column":18},"end":{"line":62,"column":null}},"type":"binary-expr","locations":[{"start":{"line":62,"column":18},"end":{"line":62,"column":37}},{"start":{"line":62,"column":37},"end":{"line":62,"column":null}}],"line":62},"4":{"loc":{"start":{"line":70,"column":4},"end":{"line":70,"column":null}},"type":"if","locations":[{"start":{"line":70,"column":4},"end":{"line":70,"column":null}},{"start":{},"end":{}}],"line":70},"5":{"loc":{"start":{"line":89,"column":18},"end":{"line":89,"column":null}},"type":"binary-expr","locations":[{"start":{"line":89,"column":18},"end":{"line":89,"column":37}},{"start":{"line":89,"column":37},"end":{"line":89,"column":null}}],"line":89},"6":{"loc":{"start":{"line":91,"column":19},"end":{"line":91,"column":null}},"type":"binary-expr","locations":[{"start":{"line":91,"column":19},"end":{"line":91,"column":39}},{"start":{"line":91,"column":39},"end":{"line":91,"column":null}}],"line":91},"7":{"loc":{"start":{"line":98,"column":4},"end":{"line":98,"column":null}},"type":"if","locations":[{"start":{"line":98,"column":4},"end":{"line":98,"column":null}},{"start":{},"end":{}}],"line":98},"8":{"loc":{"start":{"line":106,"column":4},"end":{"line":106,"column":null}},"type":"if","locations":[{"start":{"line":106,"column":4},"end":{"line":106,"column":null}},{"start":{},"end":{}}],"line":106},"9":{"loc":{"start":{"line":110,"column":4},"end":{"line":110,"column":null}},"type":"if","locations":[{"start":{"line":110,"column":4},"end":{"line":110,"column":null}},{"start":{},"end":{}}],"line":110},"10":{"loc":{"start":{"line":118,"column":4},"end":{"line":118,"column":null}},"type":"if","locations":[{"start":{"line":118,"column":4},"end":{"line":118,"column":null}},{"start":{},"end":{}}],"line":118}},"s":{"0":4,"1":2,"2":2,"3":1,"4":1,"5":2,"6":2,"7":1,"8":1,"9":2,"10":2,"11":1,"12":1,"13":2,"14":2,"15":1,"16":1,"17":2,"18":2,"19":1,"20":0,"21":0,"22":0,"23":0,"24":0,"25":0},"f":{"0":4,"1":2,"2":2,"3":2,"4":2,"5":2,"6":0},"b":{"0":[1,1],"1":[1,1],"2":[2,2],"3":[2,2],"4":[1,1],"5":[2,2],"6":[2,2],"7":[1,1],"8":[1,1],"9":[0,0],"10":[0,0]},"meta":{"lastBranch":11,"lastFunction":7,"lastStatement":26,"seen":{"f:4:9:4:18":0,"s:5:4:21:Infinity":0,"f:24:22:24:52":1,"s:25:28:28:49":1,"b:30:4:30:Infinity:undefined:undefined:undefined:undefined":0,"s:30:4:30:Infinity":2,"s:30:15:30:Infinity":3,"s:32:4:32:Infinity":4,"f:35:22:35:35":2,"s:36:28:40:17":5,"b:42:4:42:Infinity:undefined:undefined:undefined:undefined":1,"s:42:4:42:Infinity":6,"s:42:15:42:Infinity":7,"s:44:4:44:Infinity":8,"f:47:22:47:Infinity":3,"s:51:28:68:17":9,"b:60:19:60:39:60:39:60:Infinity":2,"b:62:18:62:37:62:37:62:Infinity":3,"b:70:4:70:Infinity:undefined:undefined:undefined:undefined":4,"s:70:4:70:Infinity":10,"s:70:15:70:Infinity":11,"s:72:4:72:Infinity":12,"f:75:22:75:Infinity":4,"s:79:28:96:17":13,"b:89:18:89:37:89:37:89:Infinity":5,"b:91:19:91:39:91:39:91:Infinity":6,"b:98:4:98:Infinity:undefined:undefined:undefined:undefined":7,"s:98:4:98:Infinity":14,"s:98:15:98:Infinity":15,"s:100:4:100:Infinity":16,"f:103:22:103:34":5,"s:104:22:104:78":17,"b:106:4:106:Infinity:undefined:undefined:undefined:undefined":8,"s:106:4:106:Infinity":18,"s:106:15:106:Infinity":19,"f:109:22:109:37":6,"b:110:4:110:Infinity:undefined:undefined:undefined:undefined":9,"s:110:4:110:Infinity":20,"s:110:31:110:Infinity":21,"s:112:28:116:49":22,"b:118:4:118:Infinity:undefined:undefined:undefined:undefined":10,"s:118:4:118:Infinity":23,"s:118:15:118:Infinity":24,"s:120:4:120:Infinity":25}}}
,"C:\\Users\\eduar\\Documents\\programacio\\voleyapp\\beach-volley-app\\src\\features\\events\\services\\geocoding.service.ts": {"path":"C:\\Users\\eduar\\Documents\\programacio\\voleyapp\\beach-volley-app\\src\\features\\events\\services\\geocoding.service.ts","statementMap":{"0":{"start":{"line":10,"column":19},"end":{"line":14,"column":6}},"1":{"start":{"line":16,"column":21},"end":{"line":17,"column":null}},"2":{"start":{"line":20,"column":4},"end":{"line":21,"column":null}},"3":{"start":{"line":21,"column":8},"end":{"line":21,"column":null}},"4":{"start":{"line":24,"column":17},"end":{"line":24,"column":38}},"5":{"start":{"line":26,"column":4},"end":{"line":27,"column":null}},"6":{"start":{"line":27,"column":8},"end":{"line":27,"column":null}},"7":{"start":{"line":30,"column":4},"end":{"line":34,"column":null}}},"fnMap":{"0":{"name":"searchLocation","decl":{"start":{"line":7,"column":22},"end":{"line":7,"column":null}},"loc":{"start":{"line":9,"column":35},"end":{"line":34,"column":null}},"line":9}},"branchMap":{"0":{"loc":{"start":{"line":20,"column":4},"end":{"line":21,"column":null}},"type":"if","locations":[{"start":{"line":20,"column":4},"end":{"line":21,"column":null}},{"start":{},"end":{}}],"line":20},"1":{"loc":{"start":{"line":26,"column":4},"end":{"line":27,"column":null}},"type":"if","locations":[{"start":{"line":26,"column":4},"end":{"line":27,"column":null}},{"start":{},"end":{}}],"line":26},"2":{"loc":{"start":{"line":26,"column":8},"end":{"line":26,"column":36}},"type":"binary-expr","locations":[{"start":{"line":26,"column":8},"end":{"line":26,"column":17}},{"start":{"line":26,"column":17},"end":{"line":26,"column":36}}],"line":26}},"s":{"0":3,"1":3,"2":3,"3":1,"4":2,"5":2,"6":1,"7":1},"f":{"0":3},"b":{"0":[1,2],"1":[1,1],"2":[2,2]},"meta":{"lastBranch":3,"lastFunction":1,"lastStatement":8,"seen":{"f:7:22:7:Infinity":0,"s:10:19:14:6":0,"s:16:21:17:Infinity":1,"b:20:4:21:Infinity:undefined:undefined:undefined:undefined":0,"s:20:4:21:Infinity":2,"s:21:8:21:Infinity":3,"s:24:17:24:38":4,"b:26:4:27:Infinity:undefined:undefined:undefined:undefined":1,"s:26:4:27:Infinity":5,"b:26:8:26:17:26:17:26:36":2,"s:27:8:27:Infinity":6,"s:30:4:34:Infinity":7}}}
,"C:\\Users\\eduar\\Documents\\programacio\\voleyapp\\beach-volley-app\\src\\features\\profile\\services\\equipment.service.ts": {"path":"C:\\Users\\eduar\\Documents\\programacio\\voleyapp\\beach-volley-app\\src\\features\\profile\\services\\equipment.service.ts","statementMap":{"0":{"start":{"line":17,"column":2},"end":{"line":18,"column":null}},"1":{"start":{"line":18,"column":4},"end":{"line":18,"column":null}},"2":{"start":{"line":21,"column":17},"end":{"line":21,"column":46}},"3":{"start":{"line":23,"column":26},"end":{"line":30,"column":null}},"4":{"start":{"line":33,"column":2},"end":{"line":34,"column":null}},"5":{"start":{"line":34,"column":4},"end":{"line":34,"column":null}},"6":{"start":{"line":37,"column":2},"end":{"line":37,"column":null}},"7":{"start":{"line":41,"column":2},"end":{"line":51,"column":null}},"8":{"start":{"line":42,"column":19},"end":{"line":42,"column":35}},"9":{"start":{"line":44,"column":4},"end":{"line":45,"column":null}},"10":{"start":{"line":45,"column":6},"end":{"line":45,"column":null}},"11":{"start":{"line":48,"column":4},"end":{"line":48,"column":null}},"12":{"start":{"line":50,"column":4},"end":{"line":50,"column":null}}},"fnMap":{"0":{"name":"verifyEquipmentImage","decl":{"start":{"line":12,"column":22},"end":{"line":12,"column":null}},"loc":{"start":{"line":15,"column":40},"end":{"line":37,"column":null}},"line":15},"1":{"name":"fileToBase64","decl":{"start":{"line":40,"column":9},"end":{"line":40,"column":22}},"loc":{"start":{"line":40,"column":51},"end":{"line":51,"column":null}},"line":40},"2":{"name":"(anonymous_2)","decl":{"start":{"line":41,"column":13},"end":{"line":41,"column":22}},"loc":{"start":{"line":41,"column":42},"end":{"line":51,"column":null}},"line":41},"3":{"name":"(anonymous_3)","decl":{"start":{"line":44,"column":11},"end":{"line":44,"column":26}},"loc":{"start":{"line":44,"column":26},"end":{"line":45,"column":null}},"line":44}},"branchMap":{"0":{"loc":{"start":{"line":17,"column":2},"end":{"line":18,"column":null}},"type":"if","locations":[{"start":{"line":17,"column":2},"end":{"line":18,"column":null}},{"start":{},"end":{}}],"line":17},"1":{"loc":{"start":{"line":33,"column":2},"end":{"line":34,"column":null}},"type":"if","locations":[{"start":{"line":33,"column":2},"end":{"line":34,"column":null}},{"start":{},"end":{}}],"line":33}},"s":{"0":4,"1":1,"2":3,"3":3,"4":3,"5":1,"6":2,"7":3,"8":3,"9":3,"10":3,"11":3,"12":3},"f":{"0":4,"1":3,"2":3,"3":3},"b":{"0":[1,3],"1":[1,2]},"meta":{"lastBranch":2,"lastFunction":4,"lastStatement":13,"seen":{"f:12:22:12:Infinity":0,"b:17:2:18:Infinity:undefined:undefined:undefined:undefined":0,"s:17:2:18:Infinity":0,"s:18:4:18:Infinity":1,"s:21:17:21:46":2,"s:23:26:30:Infinity":3,"b:33:2:34:Infinity:undefined:undefined:undefined:undefined":1,"s:33:2:34:Infinity":4,"s:34:4:34:Infinity":5,"s:37:2:37:Infinity":6,"f:40:9:40:22":1,"s:41:2:51:Infinity":7,"f:41:13:41:22":2,"s:42:19:42:35":8,"s:44:4:45:Infinity":9,"f:44:11:44:26":3,"s:45:6:45:Infinity":10,"s:48:4:48:Infinity":11,"s:50:4:50:Infinity":12}}}
,"C:\\Users\\eduar\\Documents\\programacio\\voleyapp\\beach-volley-app\\src\\features\\registrations\\services\\registrations.service.ts": {"path":"C:\\Users\\eduar\\Documents\\programacio\\voleyapp\\beach-volley-app\\src\\features\\registrations\\services\\registrations.service.ts","statementMap":{"0":{"start":{"line":4,"column":27},"end":{"line":7,"column":28}},"1":{"start":{"line":9,"column":2},"end":{"line":9,"column":null}},"2":{"start":{"line":9,"column":13},"end":{"line":9,"column":null}},"3":{"start":{"line":11,"column":2},"end":{"line":11,"column":null}},"4":{"start":{"line":15,"column":26},"end":{"line":20,"column":18}},"5":{"start":{"line":22,"column":2},"end":{"line":22,"column":null}},"6":{"start":{"line":22,"column":13},"end":{"line":22,"column":null}},"7":{"start":{"line":24,"column":2},"end":{"line":24,"column":null}},"8":{"start":{"line":28,"column":26},"end":{"line":35,"column":13}},"9":{"start":{"line":37,"column":2},"end":{"line":37,"column":null}},"10":{"start":{"line":37,"column":13},"end":{"line":37,"column":null}},"11":{"start":{"line":39,"column":2},"end":{"line":39,"column":null}},"12":{"start":{"line":43,"column":20},"end":{"line":47,"column":26}},"13":{"start":{"line":49,"column":2},"end":{"line":49,"column":null}},"14":{"start":{"line":49,"column":13},"end":{"line":49,"column":null}},"15":{"start":{"line":53,"column":26},"end":{"line":56,"column":26}},"16":{"start":{"line":58,"column":2},"end":{"line":58,"column":null}},"17":{"start":{"line":58,"column":13},"end":{"line":58,"column":null}},"18":{"start":{"line":60,"column":2},"end":{"line":60,"column":null}},"19":{"start":{"line":60,"column":28},"end":{"line":60,"column":42}}},"fnMap":{"0":{"name":"getEventRegistrationsCount","decl":{"start":{"line":3,"column":22},"end":{"line":3,"column":49}},"loc":{"start":{"line":3,"column":66},"end":{"line":11,"column":null}},"line":3},"1":{"name":"isUserRegistered","decl":{"start":{"line":14,"column":22},"end":{"line":14,"column":39}},"loc":{"start":{"line":14,"column":72},"end":{"line":24,"column":null}},"line":14},"2":{"name":"registerToEvent","decl":{"start":{"line":27,"column":22},"end":{"line":27,"column":38}},"loc":{"start":{"line":27,"column":71},"end":{"line":39,"column":null}},"line":27},"3":{"name":"unregisterFromEvent","decl":{"start":{"line":42,"column":22},"end":{"line":42,"column":42}},"loc":{"start":{"line":42,"column":75},"end":{"line":49,"column":null}},"line":42},"4":{"name":"getUserRegisteredEventIds","decl":{"start":{"line":52,"column":22},"end":{"line":52,"column":48}},"loc":{"start":{"line":52,"column":83},"end":{"line":60,"column":null}},"line":52},"5":{"name":"(anonymous_5)","decl":{"start":{"line":60,"column":14},"end":{"line":60,"column":19}},"loc":{"start":{"line":60,"column":28},"end":{"line":60,"column":42}},"line":60}},"branchMap":{"0":{"loc":{"start":{"line":9,"column":2},"end":{"line":9,"column":null}},"type":"if","locations":[{"start":{"line":9,"column":2},"end":{"line":9,"column":null}},{"start":{},"end":{}}],"line":9},"1":{"loc":{"start":{"line":11,"column":9},"end":{"line":11,"column":null}},"type":"binary-expr","locations":[{"start":{"line":11,"column":9},"end":{"line":11,"column":18}},{"start":{"line":11,"column":18},"end":{"line":11,"column":null}}],"line":11},"2":{"loc":{"start":{"line":22,"column":2},"end":{"line":22,"column":null}},"type":"if","locations":[{"start":{"line":22,"column":2},"end":{"line":22,"column":null}},{"start":{},"end":{}}],"line":22},"3":{"loc":{"start":{"line":37,"column":2},"end":{"line":37,"column":null}},"type":"if","locations":[{"start":{"line":37,"column":2},"end":{"line":37,"column":null}},{"start":{},"end":{}}],"line":37},"4":{"loc":{"start":{"line":49,"column":2},"end":{"line":49,"column":null}},"type":"if","locations":[{"start":{"line":49,"column":2},"end":{"line":49,"column":null}},{"start":{},"end":{}}],"line":49},"5":{"loc":{"start":{"line":58,"column":2},"end":{"line":58,"column":null}},"type":"if","locations":[{"start":{"line":58,"column":2},"end":{"line":58,"column":null}},{"start":{},"end":{}}],"line":58}},"s":{"0":2,"1":2,"2":0,"3":2,"4":3,"5":3,"6":1,"7":2,"8":2,"9":2,"10":1,"11":1,"12":0,"13":0,"14":0,"15":0,"16":0,"17":0,"18":0,"19":0},"f":{"0":2,"1":3,"2":2,"3":0,"4":0,"5":0},"b":{"0":[0,2],"1":[2,1],"2":[1,2],"3":[1,1],"4":[0,0],"5":[0,0]},"meta":{"lastBranch":6,"lastFunction":6,"lastStatement":20,"seen":{"f:3:22:3:49":0,"s:4:27:7:28":0,"b:9:2:9:Infinity:undefined:undefined:undefined:undefined":0,"s:9:2:9:Infinity":1,"s:9:13:9:Infinity":2,"s:11:2:11:Infinity":3,"b:11:9:11:18:11:18:11:Infinity":1,"f:14:22:14:39":1,"s:15:26:20:18":4,"b:22:2:22:Infinity:undefined:undefined:undefined:undefined":2,"s:22:2:22:Infinity":5,"s:22:13:22:Infinity":6,"s:24:2:24:Infinity":7,"f:27:22:27:38":2,"s:28:26:35:13":8,"b:37:2:37:Infinity:undefined:undefined:undefined:undefined":3,"s:37:2:37:Infinity":9,"s:37:13:37:Infinity":10,"s:39:2:39:Infinity":11,"f:42:22:42:42":3,"s:43:20:47:26":12,"b:49:2:49:Infinity:undefined:undefined:undefined:undefined":4,"s:49:2:49:Infinity":13,"s:49:13:49:Infinity":14,"f:52:22:52:48":4,"s:53:26:56:26":15,"b:58:2:58:Infinity:undefined:undefined:undefined:undefined":5,"s:58:2:58:Infinity":16,"s:58:13:58:Infinity":17,"s:60:2:60:Infinity":18,"f:60:14:60:19":5,"s:60:28:60:42":19}}}
,"C:\\Users\\eduar\\Documents\\programacio\\voleyapp\\beach-volley-app\\src\\features\\stats\\services\\stats.service.ts": {"path":"C:\\Users\\eduar\\Documents\\programacio\\voleyapp\\beach-volley-app\\src\\features\\stats\\services\\stats.service.ts","statementMap":{"0":{"start":{"line":5,"column":27},"end":{"line":7,"column":48}},"1":{"start":{"line":9,"column":2},"end":{"line":9,"column":null}},"2":{"start":{"line":9,"column":13},"end":{"line":9,"column":null}},"3":{"start":{"line":11,"column":2},"end":{"line":11,"column":null}},"4":{"start":{"line":15,"column":26},"end":{"line":17,"column":23}},"5":{"start":{"line":19,"column":2},"end":{"line":19,"column":null}},"6":{"start":{"line":19,"column":13},"end":{"line":19,"column":null}},"7":{"start":{"line":21,"column":2},"end":{"line":21,"column":null}},"8":{"start":{"line":25,"column":46},"end":{"line":29,"column":4}},"9":{"start":{"line":31,"column":22},"end":{"line":31,"column":null}},"10":{"start":{"line":32,"column":23},"end":{"line":32,"column":null}},"11":{"start":{"line":32,"column":48},"end":{"line":32,"column":74}},"12":{"start":{"line":33,"column":23},"end":{"line":33,"column":null}},"13":{"start":{"line":33,"column":48},"end":{"line":33,"column":71}},"14":{"start":{"line":34,"column":27},"end":{"line":36,"column":null}},"15":{"start":{"line":35,"column":15},"end":{"line":35,"column":null}},"16":{"start":{"line":38,"column":29},"end":{"line":38,"column":null}},"17":{"start":{"line":40,"column":23},"end":{"line":42,"column":null}},"18":{"start":{"line":45,"column":27},"end":{"line":55,"column":null}},"19":{"start":{"line":47,"column":20},"end":{"line":50,"column":8}},"20":{"start":{"line":52,"column":6},"end":{"line":52,"column":null}},"21":{"start":{"line":53,"column":6},"end":{"line":53,"column":null}},"22":{"start":{"line":58,"column":24},"end":{"line":62,"column":null}},"23":{"start":{"line":59,"column":25},"end":{"line":62,"column":null}},"24":{"start":{"line":65,"column":26},"end":{"line":70,"column":null}},"25":{"start":{"line":67,"column":6},"end":{"line":67,"column":null}},"26":{"start":{"line":68,"column":6},"end":{"line":68,"column":null}},"27":{"start":{"line":73,"column":23},"end":{"line":79,"column":16}},"28":{"start":{"line":74,"column":33},"end":{"line":77,"column":7}},"29":{"start":{"line":78,"column":20},"end":{"line":78,"column":38}},"30":{"start":{"line":81,"column":2},"end":{"line":91,"column":null}}},"fnMap":{"0":{"name":"getTotalUsers","decl":{"start":{"line":4,"column":15},"end":{"line":4,"column":31}},"loc":{"start":{"line":4,"column":31},"end":{"line":11,"column":null}},"line":4},"1":{"name":"getRegistrations","decl":{"start":{"line":14,"column":15},"end":{"line":14,"column":34}},"loc":{"start":{"line":14,"column":34},"end":{"line":21,"column":null}},"line":14},"2":{"name":"getStatsData","decl":{"start":{"line":24,"column":22},"end":{"line":24,"column":37}},"loc":{"start":{"line":24,"column":37},"end":{"line":91,"column":null}},"line":24},"3":{"name":"(anonymous_3)","decl":{"start":{"line":32,"column":30},"end":{"line":32,"column":38}},"loc":{"start":{"line":32,"column":48},"end":{"line":32,"column":74}},"line":32},"4":{"name":"(anonymous_4)","decl":{"start":{"line":33,"column":30},"end":{"line":33,"column":38}},"loc":{"start":{"line":33,"column":48},"end":{"line":33,"column":71}},"line":33},"5":{"name":"(anonymous_5)","decl":{"start":{"line":34,"column":34},"end":{"line":34,"column":null}},"loc":{"start":{"line":35,"column":15},"end":{"line":35,"column":null}},"line":35},"6":{"name":"(anonymous_6)","decl":{"start":{"line":45,"column":34},"end":{"line":45,"column":null}},"loc":{"start":{"line":46,"column":20},"end":{"line":55,"column":6}},"line":46},"7":{"name":"(anonymous_7)","decl":{"start":{"line":58,"column":57},"end":{"line":58,"column":null}},"loc":{"start":{"line":59,"column":25},"end":{"line":62,"column":null}},"line":59},"8":{"name":"(anonymous_8)","decl":{"start":{"line":65,"column":33},"end":{"line":65,"column":null}},"loc":{"start":{"line":66,"column":20},"end":{"line":70,"column":6}},"line":66},"9":{"name":"(anonymous_9)","decl":{"start":{"line":74,"column":5},"end":{"line":74,"column":10}},"loc":{"start":{"line":74,"column":33},"end":{"line":77,"column":7}},"line":74},"10":{"name":"(anonymous_10)","decl":{"start":{"line":78,"column":5},"end":{"line":78,"column":11}},"loc":{"start":{"line":78,"column":20},"end":{"line":78,"column":38}},"line":78}},"branchMap":{"0":{"loc":{"start":{"line":9,"column":2},"end":{"line":9,"column":null}},"type":"if","locations":[{"start":{"line":9,"column":2},"end":{"line":9,"column":null}},{"start":{},"end":{}}],"line":9},"1":{"loc":{"start":{"line":11,"column":9},"end":{"line":11,"column":null}},"type":"binary-expr","locations":[{"start":{"line":11,"column":9},"end":{"line":11,"column":18}},{"start":{"line":11,"column":18},"end":{"line":11,"column":null}}],"line":11},"2":{"loc":{"start":{"line":19,"column":2},"end":{"line":19,"column":null}},"type":"if","locations":[{"start":{"line":19,"column":2},"end":{"line":19,"column":null}},{"start":{},"end":{}}],"line":19},"3":{"loc":{"start":{"line":52,"column":20},"end":{"line":52,"column":39}},"type":"binary-expr","locations":[{"start":{"line":52,"column":20},"end":{"line":52,"column":34}},{"start":{"line":52,"column":34},"end":{"line":52,"column":39}}],"line":52},"4":{"loc":{"start":{"line":67,"column":33},"end":{"line":67,"column":65}},"type":"binary-expr","locations":[{"start":{"line":67,"column":33},"end":{"line":67,"column":60}},{"start":{"line":67,"column":60},"end":{"line":67,"column":65}}],"line":67}},"s":{"0":5,"1":5,"2":1,"3":2,"4":5,"5":5,"6":1,"7":3,"8":5,"9":2,"10":2,"11":3,"12":2,"13":3,"14":2,"15":3,"16":2,"17":2,"18":2,"19":3,"20":3,"21":3,"22":2,"23":2,"24":2,"25":3,"26":3,"27":2,"28":2,"29":1,"30":2},"f":{"0":5,"1":5,"2":5,"3":3,"4":3,"5":3,"6":3,"7":2,"8":3,"9":2,"10":1},"b":{"0":[1,4],"1":[2,0],"2":[1,4],"3":[3,2],"4":[3,2]},"meta":{"lastBranch":5,"lastFunction":11,"lastStatement":31,"seen":{"f:4:15:4:31":0,"s:5:27:7:48":0,"b:9:2:9:Infinity:undefined:undefined:undefined:undefined":0,"s:9:2:9:Infinity":1,"s:9:13:9:Infinity":2,"s:11:2:11:Infinity":3,"b:11:9:11:18:11:18:11:Infinity":1,"f:14:15:14:34":1,"s:15:26:17:23":4,"b:19:2:19:Infinity:undefined:undefined:undefined:undefined":2,"s:19:2:19:Infinity":5,"s:19:13:19:Infinity":6,"s:21:2:21:Infinity":7,"f:24:22:24:37":2,"s:25:46:29:4":8,"s:31:22:31:Infinity":9,"s:32:23:32:Infinity":10,"f:32:30:32:38":3,"s:32:48:32:74":11,"s:33:23:33:Infinity":12,"f:33:30:33:38":4,"s:33:48:33:71":13,"s:34:27:36:Infinity":14,"f:34:34:34:Infinity":5,"s:35:15:35:Infinity":15,"s:38:29:38:Infinity":16,"s:40:23:42:Infinity":17,"s:45:27:55:Infinity":18,"f:45:34:45:Infinity":6,"s:47:20:50:8":19,"s:52:6:52:Infinity":20,"b:52:20:52:34:52:34:52:39":3,"s:53:6:53:Infinity":21,"s:58:24:62:Infinity":22,"f:58:57:58:Infinity":7,"s:59:25:62:Infinity":23,"s:65:26:70:Infinity":24,"f:65:33:65:Infinity":8,"s:67:6:67:Infinity":25,"b:67:33:67:60:67:60:67:65":4,"s:68:6:68:Infinity":26,"s:73:23:79:16":27,"f:74:5:74:10":9,"s:74:33:77:7":28,"f:78:5:78:11":10,"s:78:20:78:38":29,"s:81:2:91:Infinity":30}}}
}
